c:\users\alex\desktop\acg_last_version3\acg_combined2\gameengine\gameengine\debug\vc143.pdb
c:\users\alex\desktop\acg_last_version3\acg_combined2\gameengine\gameengine\debug\vc143.idb
c:\users\alex\desktop\acg_last_version3\acg_combined2\gameengine\gameengine\debug\texture.obj
c:\users\alex\desktop\acg_last_version3\acg_combined2\gameengine\gameengine\debug\shader.obj
c:\users\alex\desktop\acg_last_version3\acg_combined2\gameengine\gameengine\debug\mesh.obj
c:\users\alex\desktop\acg_last_version3\acg_combined2\gameengine\gameengine\debug\meshloaderobj.obj
c:\users\alex\desktop\acg_last_version3\acg_combined2\gameengine\gameengine\debug\main.obj
c:\users\alex\desktop\acg_last_version3\acg_combined2\gameengine\gameengine\debug\window.obj
c:\users\alex\desktop\acg_last_version3\acg_combined2\gameengine\gameengine\debug\imgui_widgets.obj
c:\users\alex\desktop\acg_last_version3\acg_combined2\gameengine\gameengine\debug\imgui_tables.obj
c:\users\alex\desktop\acg_last_version3\acg_combined2\gameengine\gameengine\debug\imgui_impl_opengl3.obj
c:\users\alex\desktop\acg_last_version3\acg_combined2\gameengine\gameengine\debug\imgui_impl_glfw.obj
c:\users\alex\desktop\acg_last_version3\acg_combined2\gameengine\gameengine\debug\imgui_draw.obj
c:\users\alex\desktop\acg_last_version3\acg_combined2\gameengine\gameengine\debug\imgui.obj
c:\users\alex\desktop\acg_last_version3\acg_combined2\gameengine\gameengine\debug\camera.obj
c:\users\alex\desktop\acg_last_version3\acg_combined2\gameengine\debug\gameengine.exe
c:\users\alex\desktop\acg_last_version3\acg_combined2\gameengine\debug\gameengine.pdb
c:\users\alex\desktop\acg_last_version3\acg_combined2\gameengine\gameengine\debug\gameengine.ilk
c:\users\alex\desktop\acg_last_version3\acg_combined2\gameengine\gameengine\debug\gameengine.tlog\cl.command.1.tlog
c:\users\alex\desktop\acg_last_version3\acg_combined2\gameengine\gameengine\debug\gameengine.tlog\cl.items.tlog
c:\users\alex\desktop\acg_last_version3\acg_combined2\gameengine\gameengine\debug\gameengine.tlog\cl.read.1.tlog
c:\users\alex\desktop\acg_last_version3\acg_combined2\gameengine\gameengine\debug\gameengine.tlog\cl.write.1.tlog
c:\users\alex\desktop\acg_last_version3\acg_combined2\gameengine\gameengine\debug\gameengine.tlog\link.command.1.tlog
c:\users\alex\desktop\acg_last_version3\acg_combined2\gameengine\gameengine\debug\gameengine.tlog\link.read.1.tlog
c:\users\alex\desktop\acg_last_version3\acg_combined2\gameengine\gameengine\debug\gameengine.tlog\link.secondary.1.tlog
c:\users\alex\desktop\acg_last_version3\acg_combined2\gameengine\gameengine\debug\gameengine.tlog\link.write.1.tlog
